Desired redshift:  5.0
Output redshift:  4.995933468164624
Output snapshot:  17
Below are the list of properties
dict_keys(['count', 'SubhaloBHMass', 'SubhaloBHMdot', 'SubhaloBfldDisk', 'SubhaloBfldHalo', 'SubhaloCM', 'SubhaloFlag', 'SubhaloGasMetalFractions', 'SubhaloGasMetalFractionsHalfRad', 'SubhaloGasMetalFractionsMaxRad', 'SubhaloGasMetalFractionsSfr', 'SubhaloGasMetalFractionsSfrWeighted', 'SubhaloGasMetallicity', 'SubhaloGasMetallicityHalfRad', 'SubhaloGasMetallicityMaxRad', 'SubhaloGasMetallicitySfr', 'SubhaloGasMetallicitySfrWeighted', 'SubhaloGrNr', 'SubhaloHalfmassRad', 'SubhaloHalfmassRadType', 'SubhaloIDMostbound', 'SubhaloLen', 'SubhaloLenType', 'SubhaloMass', 'SubhaloMassInHalfRad', 'SubhaloMassInHalfRadType', 'SubhaloMassInMaxRad', 'SubhaloMassInMaxRadType', 'SubhaloMassInRad', 'SubhaloMassInRadType', 'SubhaloMassType', 'SubhaloParent', 'SubhaloPos', 'SubhaloSFR', 'SubhaloSFRinHalfRad', 'SubhaloSFRinMaxRad', 'SubhaloSFRinRad', 'SubhaloSpin', 'SubhaloStarMetalFractions', 'SubhaloStarMetalFractionsHalfRad', 'SubhaloStarMetalFractionsMaxRad', 'SubhaloStarMetallicity', 'SubhaloStarMetallicityHalfRad', 'SubhaloStarMetallicityMaxRad', 'SubhaloStellarPhotometrics', 'SubhaloStellarPhotometricsMassInRad', 'SubhaloStellarPhotometricsRad', 'SubhaloVel', 'SubhaloVelDisp', 'SubhaloVmax', 'SubhaloVmaxRad', 'SubhaloWindMass'])
Desired redshift:  5.0
Output redshift:  4.995933468164624
Output snapshot:  17
Below are the list of properties
dict_keys(['count', 'SubhaloBHMass', 'SubhaloBHMdot', 'SubhaloBfldDisk', 'SubhaloBfldHalo', 'SubhaloCM', 'SubhaloFlag', 'SubhaloGasMetalFractions', 'SubhaloGasMetalFractionsHalfRad', 'SubhaloGasMetalFractionsMaxRad', 'SubhaloGasMetalFractionsSfr', 'SubhaloGasMetalFractionsSfrWeighted', 'SubhaloGasMetallicity', 'SubhaloGasMetallicityHalfRad', 'SubhaloGasMetallicityMaxRad', 'SubhaloGasMetallicitySfr', 'SubhaloGasMetallicitySfrWeighted', 'SubhaloGrNr', 'SubhaloHalfmassRad', 'SubhaloHalfmassRadType', 'SubhaloIDMostbound', 'SubhaloLen', 'SubhaloLenType', 'SubhaloMass', 'SubhaloMassInHalfRad', 'SubhaloMassInHalfRadType', 'SubhaloMassInMaxRad', 'SubhaloMassInMaxRadType', 'SubhaloMassInRad', 'SubhaloMassInRadType', 'SubhaloMassType', 'SubhaloParent', 'SubhaloPos', 'SubhaloSFR', 'SubhaloSFRinHalfRad', 'SubhaloSFRinMaxRad', 'SubhaloSFRinRad', 'SubhaloSpin', 'SubhaloStarMetalFractions', 'SubhaloStarMetalFractionsHalfRad', 'SubhaloStarMetalFractionsMaxRad', 'SubhaloStarMetallicity', 'SubhaloStarMetallicityHalfRad', 'SubhaloStarMetallicityMaxRad', 'SubhaloStellarPhotometrics', 'SubhaloStellarPhotometricsMassInRad', 'SubhaloStellarPhotometricsRad', 'SubhaloVel', 'SubhaloVelDisp', 'SubhaloVmax', 'SubhaloVmaxRad', 'SubhaloWindMass'])
Desired redshift:  5.0
Output redshift:  4.995933468164624
Output snapshot:  17
Below are the list of properties
dict_keys(['count', 'SubhaloBHMass', 'SubhaloBHMdot', 'SubhaloBfldDisk', 'SubhaloBfldHalo', 'SubhaloCM', 'SubhaloFlag', 'SubhaloGasMetalFractions', 'SubhaloGasMetalFractionsHalfRad', 'SubhaloGasMetalFractionsMaxRad', 'SubhaloGasMetalFractionsSfr', 'SubhaloGasMetalFractionsSfrWeighted', 'SubhaloGasMetallicity', 'SubhaloGasMetallicityHalfRad', 'SubhaloGasMetallicityMaxRad', 'SubhaloGasMetallicitySfr', 'SubhaloGasMetallicitySfrWeighted', 'SubhaloGrNr', 'SubhaloHalfmassRad', 'SubhaloHalfmassRadType', 'SubhaloIDMostbound', 'SubhaloLen', 'SubhaloLenType', 'SubhaloMass', 'SubhaloMassInHalfRad', 'SubhaloMassInHalfRadType', 'SubhaloMassInMaxRad', 'SubhaloMassInMaxRadType', 'SubhaloMassInRad', 'SubhaloMassInRadType', 'SubhaloMassType', 'SubhaloParent', 'SubhaloPos', 'SubhaloSFR', 'SubhaloSFRinHalfRad', 'SubhaloSFRinMaxRad', 'SubhaloSFRinRad', 'SubhaloSpin', 'SubhaloStarMetalFractions', 'SubhaloStarMetalFractionsHalfRad', 'SubhaloStarMetalFractionsMaxRad', 'SubhaloStarMetallicity', 'SubhaloStarMetallicityHalfRad', 'SubhaloStarMetallicityMaxRad', 'SubhaloStellarPhotometrics', 'SubhaloStellarPhotometricsMassInRad', 'SubhaloStellarPhotometricsRad', 'SubhaloVel', 'SubhaloVelDisp', 'SubhaloVmax', 'SubhaloVmaxRad', 'SubhaloWindMass'])
Desired redshift:  3.0
Output redshift:  3.008131071630377
Output snapshot:  25
Below are the list of properties
dict_keys(['count', 'SubhaloBHMass', 'SubhaloBHMdot', 'SubhaloBfldDisk', 'SubhaloBfldHalo', 'SubhaloCM', 'SubhaloFlag', 'SubhaloGasMetalFractions', 'SubhaloGasMetalFractionsHalfRad', 'SubhaloGasMetalFractionsMaxRad', 'SubhaloGasMetalFractionsSfr', 'SubhaloGasMetalFractionsSfrWeighted', 'SubhaloGasMetallicity', 'SubhaloGasMetallicityHalfRad', 'SubhaloGasMetallicityMaxRad', 'SubhaloGasMetallicitySfr', 'SubhaloGasMetallicitySfrWeighted', 'SubhaloGrNr', 'SubhaloHalfmassRad', 'SubhaloHalfmassRadType', 'SubhaloIDMostbound', 'SubhaloLen', 'SubhaloLenType', 'SubhaloMass', 'SubhaloMassInHalfRad', 'SubhaloMassInHalfRadType', 'SubhaloMassInMaxRad', 'SubhaloMassInMaxRadType', 'SubhaloMassInRad', 'SubhaloMassInRadType', 'SubhaloMassType', 'SubhaloParent', 'SubhaloPos', 'SubhaloSFR', 'SubhaloSFRinHalfRad', 'SubhaloSFRinMaxRad', 'SubhaloSFRinRad', 'SubhaloSpin', 'SubhaloStarMetalFractions', 'SubhaloStarMetalFractionsHalfRad', 'SubhaloStarMetalFractionsMaxRad', 'SubhaloStarMetallicity', 'SubhaloStarMetallicityHalfRad', 'SubhaloStarMetallicityMaxRad', 'SubhaloStellarPhotometrics', 'SubhaloStellarPhotometricsMassInRad', 'SubhaloStellarPhotometricsRad', 'SubhaloVel', 'SubhaloVelDisp', 'SubhaloVmax', 'SubhaloVmaxRad', 'SubhaloWindMass'])
Desired redshift:  3.0
Output redshift:  3.008131071630377
Output snapshot:  25
Below are the list of properties
dict_keys(['count', 'SubhaloBHMass', 'SubhaloBHMdot', 'SubhaloBfldDisk', 'SubhaloBfldHalo', 'SubhaloCM', 'SubhaloFlag', 'SubhaloGasMetalFractions', 'SubhaloGasMetalFractionsHalfRad', 'SubhaloGasMetalFractionsMaxRad', 'SubhaloGasMetalFractionsSfr', 'SubhaloGasMetalFractionsSfrWeighted', 'SubhaloGasMetallicity', 'SubhaloGasMetallicityHalfRad', 'SubhaloGasMetallicityMaxRad', 'SubhaloGasMetallicitySfr', 'SubhaloGasMetallicitySfrWeighted', 'SubhaloGrNr', 'SubhaloHalfmassRad', 'SubhaloHalfmassRadType', 'SubhaloIDMostbound', 'SubhaloLen', 'SubhaloLenType', 'SubhaloMass', 'SubhaloMassInHalfRad', 'SubhaloMassInHalfRadType', 'SubhaloMassInMaxRad', 'SubhaloMassInMaxRadType', 'SubhaloMassInRad', 'SubhaloMassInRadType', 'SubhaloMassType', 'SubhaloParent', 'SubhaloPos', 'SubhaloSFR', 'SubhaloSFRinHalfRad', 'SubhaloSFRinMaxRad', 'SubhaloSFRinRad', 'SubhaloSpin', 'SubhaloStarMetalFractions', 'SubhaloStarMetalFractionsHalfRad', 'SubhaloStarMetalFractionsMaxRad', 'SubhaloStarMetallicity', 'SubhaloStarMetallicityHalfRad', 'SubhaloStarMetallicityMaxRad', 'SubhaloStellarPhotometrics', 'SubhaloStellarPhotometricsMassInRad', 'SubhaloStellarPhotometricsRad', 'SubhaloVel', 'SubhaloVelDisp', 'SubhaloVmax', 'SubhaloVmaxRad', 'SubhaloWindMass'])
Desired redshift:  3.0
Output redshift:  3.008131071630377
Output snapshot:  25
Below are the list of properties
dict_keys(['count', 'SubhaloBHMass', 'SubhaloBHMdot', 'SubhaloBfldDisk', 'SubhaloBfldHalo', 'SubhaloCM', 'SubhaloFlag', 'SubhaloGasMetalFractions', 'SubhaloGasMetalFractionsHalfRad', 'SubhaloGasMetalFractionsMaxRad', 'SubhaloGasMetalFractionsSfr', 'SubhaloGasMetalFractionsSfrWeighted', 'SubhaloGasMetallicity', 'SubhaloGasMetallicityHalfRad', 'SubhaloGasMetallicityMaxRad', 'SubhaloGasMetallicitySfr', 'SubhaloGasMetallicitySfrWeighted', 'SubhaloGrNr', 'SubhaloHalfmassRad', 'SubhaloHalfmassRadType', 'SubhaloIDMostbound', 'SubhaloLen', 'SubhaloLenType', 'SubhaloMass', 'SubhaloMassInHalfRad', 'SubhaloMassInHalfRadType', 'SubhaloMassInMaxRad', 'SubhaloMassInMaxRadType', 'SubhaloMassInRad', 'SubhaloMassInRadType', 'SubhaloMassType', 'SubhaloParent', 'SubhaloPos', 'SubhaloSFR', 'SubhaloSFRinHalfRad', 'SubhaloSFRinMaxRad', 'SubhaloSFRinRad', 'SubhaloSpin', 'SubhaloStarMetalFractions', 'SubhaloStarMetalFractionsHalfRad', 'SubhaloStarMetalFractionsMaxRad', 'SubhaloStarMetallicity', 'SubhaloStarMetallicityHalfRad', 'SubhaloStarMetallicityMaxRad', 'SubhaloStellarPhotometrics', 'SubhaloStellarPhotometricsMassInRad', 'SubhaloStellarPhotometricsRad', 'SubhaloVel', 'SubhaloVelDisp', 'SubhaloVmax', 'SubhaloVmaxRad', 'SubhaloWindMass'])
