generate_SM_HM_relation.py:50: RuntimeWarning: invalid value encountered in true_divide
  mean = sy / n
generate_SM_HM_relation.py:52: RuntimeWarning: divide by zero encountered in true_divide
  std=1/numpy.sqrt(n)
generate_SM_HM_relation.py:58: RuntimeWarning: invalid value encountered in less
  mask=(std/mean)*100<100.
/n/home00/aklantbhowmick/anaconda3/lib/python3.7/site-packages/matplotlib/colors.py:1065: RuntimeWarning: divide by zero encountered in log
  resdat -= np.log(vmin)
/n/home00/aklantbhowmick/anaconda3/lib/python3.7/site-packages/matplotlib/colors.py:1066: RuntimeWarning: divide by zero encountered in log
  resdat /= (np.log(vmax) - np.log(vmin))
generate_SM_HM_relation.py:50: RuntimeWarning: invalid value encountered in true_divide
  mean = sy / n
generate_SM_HM_relation.py:52: RuntimeWarning: divide by zero encountered in true_divide
  std=1/numpy.sqrt(n)
generate_SM_HM_relation.py:58: RuntimeWarning: invalid value encountered in less
  mask=(std/mean)*100<100.
/n/home00/aklantbhowmick/anaconda3/lib/python3.7/site-packages/matplotlib/colors.py:1065: RuntimeWarning: divide by zero encountered in log
  resdat -= np.log(vmin)
/n/home00/aklantbhowmick/anaconda3/lib/python3.7/site-packages/matplotlib/colors.py:1066: RuntimeWarning: divide by zero encountered in log
  resdat /= (np.log(vmax) - np.log(vmin))
